<?xml version="1.0" encoding="UTF-8"?>
<!-- Generated by org.testng.reporters.JUnitXMLReporter -->
<testsuite ignored="2" hostname="asus" failures="0" tests="1" name="Test" time="34.824" errors="0" timestamp="2025-09-16T01:15:50 IST">
  <testcase classname="testPackage.LoginTest" name="shortnamevalidation" time="22.256"/>
  <testcase classname="testPackage.LoginTest" name="clickandaddmore" time="0.0">
    <ignored/>
  </testcase> <!-- clickandaddmore -->
  <testcase classname="testPackage.LoginTest" name="verifyLogin" time="0.0">
    <ignored/>
  </testcase> <!-- verifyLogin -->
</testsuite> <!-- Test -->
