<?xml version="1.0" encoding="UTF-8"?>
<testng-results ignored="0" total="2" passed="2" failed="0" skipped="0">
  <reporter-output>
  </reporter-output>
  <suite started-at="2025-09-08T12:30:32 IST" name="Default suite" finished-at="2025-09-08T12:32:40 IST" duration-ms="128669">
    <groups>
    </groups>
    <test started-at="2025-09-08T12:30:32 IST" name="Default test" finished-at="2025-09-08T12:32:40 IST" duration-ms="128669">
      <class name="testPackage.LoginTest">
        <test-method is-config="true" signature="setUp()[pri:0, instance:testPackage.LoginTest@618b19ad]" started-at="2025-09-08T12:30:32 IST" name="setUp" finished-at="2025-09-08T12:30:44 IST" duration-ms="12290" status="PASS">
          <reporter-output>
          </reporter-output>
        </test-method> <!-- setUp -->
        <test-method signature="verifyLogin()[pri:1, instance:testPackage.LoginTest@618b19ad]" started-at="2025-09-08T12:30:44 IST" name="verifyLogin" finished-at="2025-09-08T12:31:13 IST" duration-ms="29210" status="PASS">
          <reporter-output>
          </reporter-output>
        </test-method> <!-- verifyLogin -->
        <test-method is-config="true" signature="tearDown()[pri:0, instance:testPackage.LoginTest@618b19ad]" started-at="2025-09-08T12:31:13 IST" name="tearDown" finished-at="2025-09-08T12:31:14 IST" duration-ms="390" status="PASS">
          <reporter-output>
          </reporter-output>
        </test-method> <!-- tearDown -->
        <test-method is-config="true" signature="setUp()[pri:0, instance:testPackage.LoginTest@618b19ad]" started-at="2025-09-08T12:31:14 IST" name="setUp" finished-at="2025-09-08T12:31:54 IST" duration-ms="40714" status="PASS">
          <reporter-output>
          </reporter-output>
        </test-method> <!-- setUp -->
        <test-method signature="clickandaddmore()[pri:2, instance:testPackage.LoginTest@618b19ad]" started-at="2025-09-08T12:31:54 IST" name="clickandaddmore" finished-at="2025-09-08T12:32:40 IST" duration-ms="45543" status="PASS">
          <reporter-output>
          </reporter-output>
        </test-method> <!-- clickandaddmore -->
        <test-method is-config="true" signature="tearDown()[pri:0, instance:testPackage.LoginTest@618b19ad]" started-at="2025-09-08T12:32:40 IST" name="tearDown" finished-at="2025-09-08T12:32:40 IST" duration-ms="448" status="PASS">
          <reporter-output>
          </reporter-output>
        </test-method> <!-- tearDown -->
      </class> <!-- testPackage.LoginTest -->
    </test> <!-- Default test -->
  </suite> <!-- Default suite -->
</testng-results>
