<?xml version="1.0" encoding="UTF-8"?>
<testng-results ignored="3" total="6" passed="3" failed="0" skipped="0">
  <reporter-output>
  </reporter-output>
  <suite started-at="2025-09-24T13:36:37 IST" name="Default suite" finished-at="2025-09-24T13:38:36 IST" duration-ms="118492">
    <groups>
    </groups>
    <test started-at="2025-09-24T13:36:37 IST" name="Default test" finished-at="2025-09-24T13:38:36 IST" duration-ms="118492">
      <class name="testPackage.LoginTest">
        <test-method is-config="true" signature="setUp()[pri:0, instance:testPackage.LoginTest@6771beb3]" started-at="2025-09-24T13:36:37 IST" name="setUp" finished-at="2025-09-24T13:36:45 IST" duration-ms="7824" status="PASS">
          <reporter-output>
          </reporter-output>
        </test-method> <!-- setUp -->
        <test-method signature="clickandaddmore()[pri:0, instance:testPackage.LoginTest@6771beb3]" started-at="2025-09-24T13:36:45 IST" name="clickandaddmore" finished-at="2025-09-24T13:37:24 IST" duration-ms="38668" status="PASS">
          <reporter-output>
          </reporter-output>
        </test-method> <!-- clickandaddmore -->
        <test-method is-config="true" signature="tearDown()[pri:0, instance:testPackage.LoginTest@6771beb3]" started-at="2025-09-24T13:37:24 IST" name="tearDown" finished-at="2025-09-24T13:37:24 IST" duration-ms="139" status="PASS">
          <reporter-output>
          </reporter-output>
        </test-method> <!-- tearDown -->
        <test-method is-config="true" signature="setUp()[pri:0, instance:testPackage.LoginTest@6771beb3]" started-at="2025-09-24T13:37:24 IST" name="setUp" finished-at="2025-09-24T13:37:32 IST" duration-ms="8100" status="PASS">
          <reporter-output>
          </reporter-output>
        </test-method> <!-- setUp -->
        <test-method signature="resetoption()[pri:0, instance:testPackage.LoginTest@6771beb3]" started-at="2025-09-24T13:37:32 IST" name="resetoption" finished-at="2025-09-24T13:38:05 IST" duration-ms="33056" status="PASS">
          <reporter-output>
          </reporter-output>
        </test-method> <!-- resetoption -->
        <test-method is-config="true" signature="tearDown()[pri:0, instance:testPackage.LoginTest@6771beb3]" started-at="2025-09-24T13:38:05 IST" name="tearDown" finished-at="2025-09-24T13:38:05 IST" duration-ms="148" status="PASS">
          <reporter-output>
          </reporter-output>
        </test-method> <!-- tearDown -->
        <test-method is-config="true" signature="setUp()[pri:0, instance:testPackage.LoginTest@6771beb3]" started-at="2025-09-24T13:38:05 IST" name="setUp" finished-at="2025-09-24T13:38:12 IST" duration-ms="7370" status="PASS">
          <reporter-output>
          </reporter-output>
        </test-method> <!-- setUp -->
        <test-method signature="verifyLogin()[pri:0, instance:testPackage.LoginTest@6771beb3]" started-at="2025-09-24T13:38:12 IST" name="verifyLogin" finished-at="2025-09-24T13:38:36 IST" duration-ms="23013" status="PASS">
          <reporter-output>
          </reporter-output>
        </test-method> <!-- verifyLogin -->
        <test-method is-config="true" signature="tearDown()[pri:0, instance:testPackage.LoginTest@6771beb3]" started-at="2025-09-24T13:38:36 IST" name="tearDown" finished-at="2025-09-24T13:38:36 IST" duration-ms="152" status="PASS">
          <reporter-output>
          </reporter-output>
        </test-method> <!-- tearDown -->
      </class> <!-- testPackage.LoginTest -->
    </test> <!-- Default test -->
  </suite> <!-- Default suite -->
</testng-results>
