<?xml version="1.0" encoding="UTF-8"?>
<!-- Generated by org.testng.reporters.JUnitXMLReporter -->
<testsuite ignored="3" hostname="asus" failures="0" tests="3" name="Default test" time="117.001" errors="0" timestamp="2025-09-24T13:18:30 IST">
  <testcase classname="testPackage.LoginTest" name="clickandaddmore" time="38.24"/>
  <testcase classname="testPackage.LoginTest" name="resetoption" time="32.458"/>
  <testcase classname="testPackage.LoginTest" name="verifyLogin" time="23.134"/>
  <testcase classname="testPackage.LoginTest" name="shortnamevalidation" time="0.0">
    <ignored/>
  </testcase> <!-- shortnamevalidation -->
  <testcase classname="testPackage.LoginTest" name="filteractive" time="0.0">
    <ignored/>
  </testcase> <!-- filteractive -->
  <testcase classname="testPackage.LoginTest" name="searchclientname" time="0.0">
    <ignored/>
  </testcase> <!-- searchclientname -->
</testsuite> <!-- Default test -->
